<?xml version="1.0" encoding="UTF-8"?>
<!-- Generated by org.testng.reporters.JUnitReportReporter -->
<testsuite hostname="user-PC" failures="0" tests="1" name="testngPackageTest.ReportGeneration" time="5.926" errors="0" timestamp="2022-05-06T11:29:45 IST" skipped="0">
  <testcase classname="testngPackageTest.ReportGeneration" name="extentReportsDemo" time="5.926"/>
  <system-out/>
</testsuite> <!-- testngPackageTest.ReportGeneration -->
