<?xml version="1.0" encoding="UTF-8"?>
<!-- Generated by org.testng.reporters.JUnitReportReporter -->
<testsuite hostname="user-PC" failures="0" tests="2" name="testngPackageTest.NewTest" time="0.012" errors="0" timestamp="2022-05-06T11:54:03 IST" skipped="0">
  <testcase classname="testngPackageTest.NewTest" name="reportTest2" time="0.002"/>
  <system-out>
    <![CDATA[inside 2***********]]>
  </system-out>
  <testcase classname="testngPackageTest.NewTest" name="reportTest1" time="0.010"/>
  <system-out>
    <![CDATA[inside 1***********]]>
  </system-out>
</testsuite> <!-- testngPackageTest.NewTest -->
