<?xml version="1.0" encoding="UTF-8"?>
<!-- Generated by org.testng.reporters.JUnitReportReporter -->
<testsuite hostname="user-PC" failures="0" tests="1" name="dropdownBootstrap.MedlabDropDown" time="13.883" errors="0" timestamp="2022-05-12T12:46:46 IST" skipped="0">
  <testcase classname="dropdownBootstrap.MedlabDropDown" name="BootStrapDropDown" time="13.883"/>
  <system-out/>
</testsuite> <!-- dropdownBootstrap.MedlabDropDown -->
