<?xml version="1.0" encoding="UTF-8"?>
<!-- Generated by org.testng.reporters.JUnitReportReporter -->
<testsuite hostname="user-PC" failures="0" tests="1" name="dropdownBootstrap.BootStrapDropDown" time="54.442" errors="0" timestamp="2022-05-12T12:44:42 IST" skipped="0">
  <testcase classname="dropdownBootstrap.BootStrapDropDown" name="BootStrapDropDown" time="54.442"/>
  <system-out/>
</testsuite> <!-- dropdownBootstrap.BootStrapDropDown -->
